<?xml version="1.0" encoding="UTF-8"?>
<!-- Generated by org.testng.reporters.JUnitReportReporter -->
<testsuite skipped="0" hostname="COGNINE-56" name="Academy.HomePage" tests="2" failures="0" timestamp="05 Jul 2021 06:38:03 GMT" time="9.229" errors="0">
  <testcase name="basePageNavigation" time="6.639" classname="Academy.HomePage"/>
  <testcase name="basePageNavigation" time="2.590" classname="Academy.HomePage"/>
</testsuite> <!-- Academy.HomePage -->
