<?xml version="1.0" encoding="UTF-8"?>
<!-- Generated by org.testng.reporters.JUnitReportReporter -->
<testsuite hostname="COGNINE-56" name="Academy.validateNavigationBar" tests="1" failures="0" timestamp="5 Jul 2021 07:21:14 GMT" time="0.083" errors="0">
  <testcase name="validateAppNavBar" time="0.083" classname="Academy.validateNavigationBar"/>
</testsuite> <!-- Academy.validateNavigationBar -->
