<?xml version="1.0" encoding="UTF-8"?>
<!-- Generated by org.testng.reporters.JUnitReportReporter -->
<testsuite hostname="COGNINE-56" name="Academy.HomePage" tests="2" failures="0" timestamp="5 Jul 2021 07:21:14 GMT" time="16.899" errors="0">
  <testcase name="basePageNavigation" time="4.273" classname="Academy.HomePage"/>
  <testcase name="basePageNavigation" time="12.626" classname="Academy.HomePage"/>
</testsuite> <!-- Academy.HomePage -->
